# JRE version: Java(TM) SE Runtime Environment (23.0.2+7) (build 23.0.2+7-58)
# Java VM: Java HotSpot(TM) 64-Bit Server VM (23.0.2+7-58, mixed mode, sharing, tiered, compressed oops, compressed class ptrs, g1 gc, windows-amd64)
GC Precious Log:
 CardTable entry size: 512
 Card Set container configuration: InlinePtr #cards 5 size 8 Array Of Cards #cards 10 size 36 Howl #buckets 4 coarsen threshold 1843 Howl Bitmap #cards 512 size 80 coarsen threshold 460 Card regions per heap region 1 cards per card region 2048
 CPUs: 12 total, 12 available
 Memory: 7518M
 Large Page Support: Disabled
 NUMA Support: Disabled
 Compressed Oops: Enabled (32-bit)
 Heap Region Size: 1M
 Heap Min Capacity: 8M
 Heap Initial Capacity: 118M
 Heap Max Capacity: 2G
 Pre-touch: Disabled
 Parallel Workers: 10
 Concurrent Workers: 3
 Concurrent Refinement Workers: 10
 Periodic GC: Disabled
Heap:
 garbage-first heap   total reserved 2097152K, committed 121856K, used 71063K [0x0000000080000000, 0x0000000100000000)
  region size 1024K, 13 young (13312K), 4 survivors (4096K)
 Metaspace       used 72245K, committed 74624K, reserved 491520K
  class space    used 10723K, committed 11840K, reserved 425984K
GC Heap History (20 events):
Event: 12.447 GC heap before
{Heap before GC invocations=17 (full 0):
 garbage-first heap   total reserved 2097152K, committed 81920K, used 71899K [0x0000000080000000, 0x0000000100000000)
  region size 1024K, 33 young (33792K), 5 survivors (5120K)
 Metaspace       used 56193K, committed 58368K, reserved 491520K
  class space    used 8472K, committed 9536K, reserved 425984K
}
Event: 12.451 GC heap after
{Heap after GC invocations=18 (full 0):
 garbage-first heap   total reserved 2097152K, committed 81920K, used 44586K [0x0000000080000000, 0x0000000100000000)
  region size 1024K, 5 young (5120K), 5 survivors (5120K)
 Metaspace       used 56193K, committed 58368K, reserved 491520K
  class space    used 8472K, committed 9536K, reserved 425984K
}
Event: 12.789 GC heap before
{Heap before GC invocations=18 (full 0):
 garbage-first heap   total reserved 2097152K, committed 81920K, used 71210K [0x0000000080000000, 0x0000000100000000)
  region size 1024K, 32 young (32768K), 5 survivors (5120K)
 Metaspace       used 56815K, committed 58944K, reserved 491520K
  class space    used 8504K, committed 9536K, reserved 425984K
}
Event: 12.794 GC heap after
{Heap after GC invocations=19 (full 0):
 garbage-first heap   total reserved 2097152K, committed 81920K, used 46504K [0x0000000080000000, 0x0000000100000000)
  region size 1024K, 4 young (4096K), 4 survivors (4096K)
 Metaspace       used 56815K, committed 58944K, reserved 491520K
  class space    used 8504K, committed 9536K, reserved 425984K
}
Event: 14.225 GC heap before
{Heap before GC invocations=20 (full 0):
 garbage-first heap   total reserved 2097152K, committed 81920K, used 78248K [0x0000000080000000, 0x0000000100000000)
  region size 1024K, 30 young (30720K), 4 survivors (4096K)
 Metaspace       used 58731K, committed 60864K, reserved 491520K
  class space    used 8774K, committed 9792K, reserved 425984K
}
Event: 14.229 GC heap after
{Heap after GC invocations=21 (full 0):
 garbage-first heap   total reserved 2097152K, committed 86016K, used 55246K [0x0000000080000000, 0x0000000100000000)
  region size 1024K, 4 young (4096K), 4 survivors (4096K)
 Metaspace       used 58731K, committed 60864K, reserved 491520K
  class space    used 8774K, committed 9792K, reserved 425984K
}
Event: 14.689 GC heap before
{Heap before GC invocations=21 (full 0):
 garbage-first heap   total reserved 2097152K, committed 86016K, used 76750K [0x0000000080000000, 0x0000000100000000)
  region size 1024K, 25 young (25600K), 4 survivors (4096K)
 Metaspace       used 61277K, committed 63424K, reserved 491520K
  class space    used 9096K, committed 10112K, reserved 425984K
}
Event: 14.697 GC heap after
{Heap after GC invocations=22 (full 0):
 garbage-first heap   total reserved 2097152K, committed 86016K, used 56501K [0x0000000080000000, 0x0000000100000000)
  region size 1024K, 2 young (2048K), 2 survivors (2048K)
 Metaspace       used 61277K, committed 63424K, reserved 491520K
  class space    used 9096K, committed 10112K, reserved 425984K
}
Event: 14.922 GC heap before
{Heap before GC invocations=22 (full 0):
 garbage-first heap   total reserved 2097152K, committed 86016K, used 78005K [0x0000000080000000, 0x0000000100000000)
  region size 1024K, 23 young (23552K), 2 survivors (2048K)
 Metaspace       used 62621K, committed 64768K, reserved 491520K
  class space    used 9279K, committed 10304K, reserved 425984K
}
Event: 14.925 GC heap after
{Heap after GC invocations=23 (full 0):
 garbage-first heap   total reserved 2097152K, committed 86016K, used 57667K [0x0000000080000000, 0x0000000100000000)
  region size 1024K, 3 young (3072K), 3 survivors (3072K)
 Metaspace       used 62621K, committed 64768K, reserved 491520K
  class space    used 9279K, committed 10304K, reserved 425984K
}
Event: 15.072 GC heap before
{Heap before GC invocations=24 (full 0):
 garbage-first heap   total reserved 2097152K, committed 97280K, used 76099K [0x0000000080000000, 0x0000000100000000)
  region size 1024K, 21 young (21504K), 3 survivors (3072K)
 Metaspace       used 63717K, committed 65856K, reserved 491520K
  class space    used 9417K, committed 10432K, reserved 425984K
}
Event: 15.075 GC heap after
{Heap after GC invocations=25 (full 0):
 garbage-first heap   total reserved 2097152K, committed 97280K, used 58083K [0x0000000080000000, 0x0000000100000000)
  region size 1024K, 2 young (2048K), 2 survivors (2048K)
 Metaspace       used 63717K, committed 65856K, reserved 491520K
  class space    used 9417K, committed 10432K, reserved 425984K
}
Event: 15.485 GC heap before
{Heap before GC invocations=25 (full 0):
 garbage-first heap   total reserved 2097152K, committed 97280K, used 88803K [0x0000000080000000, 0x0000000100000000)
  region size 1024K, 32 young (32768K), 2 survivors (2048K)
 Metaspace       used 67255K, committed 69568K, reserved 491520K
  class space    used 10012K, committed 11136K, reserved 425984K
}
Event: 15.490 GC heap after
{Heap after GC invocations=26 (full 0):
 garbage-first heap   total reserved 2097152K, committed 97280K, used 59123K [0x0000000080000000, 0x0000000100000000)
  region size 1024K, 4 young (4096K), 4 survivors (4096K)
 Metaspace       used 67255K, committed 69568K, reserved 491520K
  class space    used 10012K, committed 11136K, reserved 425984K
}
Event: 15.726 GC heap before
{Heap before GC invocations=26 (full 0):
 garbage-first heap   total reserved 2097152K, committed 97280K, used 85747K [0x0000000080000000, 0x0000000100000000)
  region size 1024K, 30 young (30720K), 4 survivors (4096K)
 Metaspace       used 68667K, committed 70976K, reserved 491520K
  class space    used 10217K, committed 11328K, reserved 425984K
}
Event: 15.730 GC heap after
{Heap after GC invocations=27 (full 0):
 garbage-first heap   total reserved 2097152K, committed 97280K, used 59939K [0x0000000080000000, 0x0000000100000000)
  region size 1024K, 3 young (3072K), 3 survivors (3072K)
 Metaspace       used 68667K, committed 70976K, reserved 491520K
  class space    used 10217K, committed 11328K, reserved 425984K
}
Event: 16.003 GC heap before
{Heap before GC invocations=28 (full 0):
 garbage-first heap   total reserved 2097152K, committed 101376K, used 87587K [0x0000000080000000, 0x0000000100000000)
  region size 1024K, 30 young (30720K), 3 survivors (3072K)
 Metaspace       used 70195K, committed 72512K, reserved 491520K
  class space    used 10459K, committed 11584K, reserved 425984K
}
Event: 16.007 GC heap after
{Heap after GC invocations=29 (full 0):
 garbage-first heap   total reserved 2097152K, committed 101376K, used 61256K [0x0000000080000000, 0x0000000100000000)
  region size 1024K, 3 young (3072K), 3 survivors (3072K)
 Metaspace       used 70195K, committed 72512K, reserved 491520K
  class space    used 10459K, committed 11584K, reserved 425984K
}
Event: 16.733 GC heap before
{Heap before GC invocations=29 (full 0):
 garbage-first heap   total reserved 2097152K, committed 101376K, used 90952K [0x0000000080000000, 0x0000000100000000)
  region size 1024K, 32 young (32768K), 3 survivors (3072K)
 Metaspace       used 71940K, committed 74304K, reserved 491520K
  class space    used 10702K, committed 11840K, reserved 425984K
}
Event: 16.737 GC heap after
{Heap after GC invocations=30 (full 0):
 garbage-first heap   total reserved 2097152K, committed 121856K, used 62871K [0x0000000080000000, 0x0000000100000000)
  region size 1024K, 4 young (4096K), 4 survivors (4096K)
 Metaspace       used 71940K, committed 74304K, reserved 491520K
  class space    used 10702K, committed 11840K, reserved 425984K
}

